<?xml version="1.0" encoding="UTF-8"?>
<!-- Generated by org.testng.reporters.JUnitReportReporter -->
<testsuite skipped="0" hostname="DESKTOP-8V89QLP" name="Test.Registervalidation" tests="1" failures="0" timestamp="25 Oct 2018 23:58:26 GMT" time="4.497" errors="0">
  <testcase name="Registerpagevalidation" time="4.497" classname="Test.Registervalidation"/>
</testsuite> <!-- Test.Registervalidation -->
